  Calc24Server.cpp
  Calc24Session.cpp
E:\CppPractice\19-20-21-22-23th\Calc24\v2\net\EventLoop.h(29,6): error C2282: 'EventLoop::~EventLoop' cannot override 'ITimerService::~ITimerService'
  (compiling source file 'appsrc/Calc24Server.cpp')
  E:\CppPractice\19-20-21-22-23th\Calc24\v2\net\ITimerService.h(16,14):
  'ITimerService::~ITimerService' is deleted
  
E:\CppPractice\19-20-21-22-23th\Calc24\v2\net\EventLoop.h(29,6): error C2282: 'EventLoop::~EventLoop' cannot override 'ITimerService::~ITimerService'
  (compiling source file 'appsrc/Calc24Session.cpp')
  E:\CppPractice\19-20-21-22-23th\Calc24\v2\net\ITimerService.h(16,14):
  'ITimerService::~ITimerService' is deleted
  
  main.cpp
E:\CppPractice\19-20-21-22-23th\Calc24\v2\net\EventLoop.h(29,6): error C2282: 'EventLoop::~EventLoop' cannot override 'ITimerService::~ITimerService'
  (compiling source file 'appsrc/main.cpp')
  E:\CppPractice\19-20-21-22-23th\Calc24\v2\net\ITimerService.h(16,14):
  'ITimerService::~ITimerService' is deleted
  
E:\CppPractice\19-20-21-22-23th\Calc24\v2\net\TCPServer.h(17,5): error C2280: 'EventLoop::EventLoop(void)': attempting to reference a deleted function
  (compiling source file 'appsrc/main.cpp')
  E:\CppPractice\19-20-21-22-23th\Calc24\v2\net\EventLoop.h(28,5):
  see declaration of 'EventLoop::EventLoop'
  E:\CppPractice\19-20-21-22-23th\Calc24\v2\net\EventLoop.h(28,5):
  'EventLoop::EventLoop(void)': function was implicitly deleted because 'EventLoop' has a data member 'ITimerService' with a deleted or inaccessible destructor
  E:\CppPractice\19-20-21-22-23th\Calc24\v2\net\EventLoop.h(26,32):
  see declaration of 'ITimerService'
  E:\CppPractice\19-20-21-22-23th\Calc24\v2\appsrc\Calc24Server.h(11,5):
  see reference to function 'TCPServer::TCPServer(void)'
  
  Acceptor.cpp
E:\CppPractice\19-20-21-22-23th\Calc24\v2\net\EventLoop.h(29,6): error C2282: 'EventLoop::~EventLoop' cannot override 'ITimerService::~ITimerService'
  (compiling source file 'net/Acceptor.cpp')
  E:\CppPractice\19-20-21-22-23th\Calc24\v2\net\ITimerService.h(16,14):
  'ITimerService::~ITimerService' is deleted
  
E:\CppPractice\19-20-21-22-23th\Calc24\v2\net\Acceptor.cpp(5,10): error C1083: Cannot open include file: 'arpa/inet.h': No such file or directory
  ByteBuffer.cpp
  Epoll.cpp
E:\CppPractice\19-20-21-22-23th\Calc24\v2\net\Epoll.h(6,10): error C1083: Cannot open include file: 'unistd.h': No such file or directory
  (compiling source file 'net/Epoll.cpp')
  
  EventLoop.cpp
E:\CppPractice\19-20-21-22-23th\Calc24\v2\net\EventLoop.h(29,6): error C2282: 'EventLoop::~EventLoop' cannot override 'ITimerService::~ITimerService'
  (compiling source file 'net/EventLoop.cpp')
  E:\CppPractice\19-20-21-22-23th\Calc24\v2\net\ITimerService.h(16,14):
  'ITimerService::~ITimerService' is deleted
  
E:\CppPractice\19-20-21-22-23th\Calc24\v2\net\EventLoop.cpp(6,10): error C1083: Cannot open include file: 'sys/eventfd.h': No such file or directory
  Poll.cpp
E:\CppPractice\19-20-21-22-23th\Calc24\v2\net\Poll.h(6,10): error C1083: Cannot open include file: 'unistd.h': No such file or directory
  (compiling source file 'net/Poll.cpp')
  
  Select.cpp
E:\CppPractice\19-20-21-22-23th\Calc24\v2\net\Select.h(6,10): error C1083: Cannot open include file: 'unistd.h': No such file or directory
  (compiling source file 'net/Select.cpp')
  
  TCPConnection.cpp
E:\CppPractice\19-20-21-22-23th\Calc24\v2\net\EventLoop.h(29,6): error C2282: 'EventLoop::~EventLoop' cannot override 'ITimerService::~ITimerService'
  (compiling source file 'net/TCPConnection.cpp')
  E:\CppPractice\19-20-21-22-23th\Calc24\v2\net\ITimerService.h(16,14):
  'ITimerService::~ITimerService' is deleted
  
E:\CppPractice\19-20-21-22-23th\Calc24\v2\net\TCPConnection.cpp(4,10): error C1083: Cannot open include file: 'sys/socket.h': No such file or directory
  TCPServer.cpp
E:\CppPractice\19-20-21-22-23th\Calc24\v2\net\EventLoop.h(29,6): error C2282: 'EventLoop::~EventLoop' cannot override 'ITimerService::~ITimerService'
  (compiling source file 'net/TCPServer.cpp')
  E:\CppPractice\19-20-21-22-23th\Calc24\v2\net\ITimerService.h(16,14):
  'ITimerService::~ITimerService' is deleted
  
  ThreadPool.cpp
E:\CppPractice\19-20-21-22-23th\Calc24\v2\net\EventLoop.h(29,6): error C2282: 'EventLoop::~EventLoop' cannot override 'ITimerService::~ITimerService'
  (compiling source file 'net/ThreadPool.cpp')
  E:\CppPractice\19-20-21-22-23th\Calc24\v2\net\ITimerService.h(16,14):
  'ITimerService::~ITimerService' is deleted
  
  Timer.cpp
E:\CppPractice\19-20-21-22-23th\Calc24\v2\net\Timer.cpp(12,26): error C2882: 'chrono': illegal use of namespace identifier in expression
E:\CppPractice\19-20-21-22-23th\Calc24\v2\net\Timer.cpp(12,32): error C2143: syntax error: missing ';' before ':'
E:\CppPractice\19-20-21-22-23th\Calc24\v2\net\Timer.cpp(12,32): error C2059: syntax error: ':'
E:\CppPractice\19-20-21-22-23th\Calc24\v2\net\Timer.cpp(12,33): error C2653: 'system_clock': is not a class or namespace name
E:\CppPractice\19-20-21-22-23th\Calc24\v2\net\Timer.cpp(14,29): error C2065: '当前系统时间': undeclared identifier
  WakeupEventDispatcher.cpp
E:\CppPractice\19-20-21-22-23th\Calc24\v2\net\WakeupEventDispatcher.cpp(5,10): error C1083: Cannot open include file: 'sys/socket.h': No such file or directory
  util.cpp
  Generating Code...
